[0mGET / [36m302 [0m34.834 ms - 68[0m
[0mGET /login [32m- [0m- ms - -[0m
[0mGET / [36m302 [0m7.070 ms - 68[0m
[0mGET /login [32m200 [0m11.264 ms - 6049[0m
[0mGET /vendors/animate-css/animate.min.css [32m200 [0m7.239 ms - 53431[0m
[0mGET /img/dark_logo.png [32m200 [0m1.948 ms - 2578[0m
[0mGET /js/bootstrap.min.js [32m200 [0m2.440 ms - 35601[0m
[0mGET /vendors/waves/waves.min.js [32m200 [0m2.411 ms - 4085[0m
[0mGET /js/jquery-2.1.1.min.js [32m200 [0m2.799 ms - 84245[0m
[0mGET /js/functions.js [32m200 [0m3.725 ms - 20923[0m
[0mGET /css/app.min.css [32m200 [0m621.228 ms - 329158[0m
[0mGET /fonts/roboto/Roboto-Regular-webfont.woff [32m200 [0m5.586 ms - 25020[0m
[0mGET /fonts/roboto/Roboto-Medium-webfont.woff [32m200 [0m3.157 ms - 25048[0m
[0mGET /fonts/roboto/Roboto-Bold-webfont.woff [32m200 [0m3.173 ms - 24808[0m
[0mGET /fonts/roboto/Roboto-Light-webfont.woff [32m200 [0m3.211 ms - 24576[0m
[0mGET /fonts/material-icons/Material-Design-Iconic-Font.woff?v=1.0.1 [32m200 [0m5.285 ms - 143628[0m
[0mPOST /login [36m302 [0m125.088 ms - 58[0m
[0mGET / [32m200 [0m7.262 ms - 6443[0m
[0mGET /vendors/fullcalendar/fullcalendar.css [32m200 [0m8.395 ms - 22515[0m
[0mGET /vendors/animate-css/animate.min.css [36m304 [0m1.538 ms - -[0m
[0mGET /css/app.min.css [36m304 [0m1.124 ms - -[0m
[0mGET /vendors/bootgrid/jquery.bootgrid.min.css [32m200 [0m3.807 ms - 3605[0m
[0mGET /vendors/sweet-alert/sweet-alert.min.css [32m200 [0m3.398 ms - 8982[0m
[0mGET /css/custom.css [32m200 [0m3.069 ms - 51[0m
[0mGET /js/bootstrap.min.js [36m304 [0m1.153 ms - -[0m
[0mGET /vendors/flot/jquery.flot.resize.min.js [32m200 [0m4.407 ms - 2344[0m
[0mGET /vendors/flot/jquery.flot.min.js [32m200 [0m1.389 ms - 52966[0m
[0mGET /vendors/easypiechart/jquery.easypiechart.min.js [32m200 [0m2.265 ms - 3950[0m
[0mGET /vendors/fullcalendar/lib/moment.min.js [32m200 [0m1.951 ms - 33783[0m
[0mGET /vendors/waves/waves.min.js [36m304 [0m1.017 ms - -[0m
[0mGET /vendors/nicescroll/jquery.nicescroll.min.js [32m200 [0m2.895 ms - 60153[0m
[0mGET /vendors/bootgrid/jquery.bootgrid.min.js [32m200 [0m1.757 ms - 61790[0m
[0mGET /vendors/simpleWeather/jquery.simpleWeather.min.js [32m200 [0m1.588 ms - 3530[0m
[0mGET /vendors/fullcalendar/fullcalendar.min.js [32m200 [0m403.202 ms - 84823[0m
[0mGET /vendors/flot/plugins/curvedLines.js [32m200 [0m2.471 ms - 16338[0m
[0mGET /vendors/bootstrap-wizard/jquery.bootstrap.wizard.min.js [32m200 [0m1.776 ms - 5988[0m
[0mGET /vendors/sweet-alert/sweet-alert.min.js [32m200 [0m2.281 ms - 10423[0m
[0mGET /vendors/auto-size/jquery.autosize.min.js [32m200 [0m2.848 ms - 10866[0m
[0mGET /vendors/sparklines/jquery.sparkline.min.js [32m200 [0m2.462 ms - 43247[0m
[0mGET /js/charts.js [32m200 [0m1.732 ms - 3628[0m
[0mGET /js/functions.js [36m304 [0m0.935 ms - -[0m
[0mGET /js/flot-charts/curved-line-chart.js [32m200 [0m1.961 ms - 2247[0m
[0mGET /vendors/bootstrap-growl/bootstrap-growl.min.js [32m200 [0m2.045 ms - 5699[0m
[0mGET /js/flot-charts/line-chart.js [32m200 [0m1.670 ms - 3019[0m
[0mGET /dist/bundle.js [32m200 [0m7702.121 ms - 4462709[0m
[0mGET /js/jquery-2.1.1.min.js [36m304 [0m2.204 ms - -[0m
[0mGET /app/components/templates/header.html [32m200 [0m6.084 ms - 1200[0m
[0mGET /app/components/templates/sidebar.html [32m200 [0m2.577 ms - 1815[0m
[0mGET /app/components/templates/dashboard.html [32m200 [0m0.847 ms - 11484[0m
[0mGET /app/components/templates/chat.html [32m200 [0m2.571 ms - 4678[0m
[0mGET /img/logo.png [32m200 [0m5.423 ms - 2303[0m
[0mGET /img/icons/search@2x.png [32m200 [0m1.737 ms - 406[0m
[0mGET /img/icons/menu-2@2x.png [32m200 [0m1.838 ms - 121[0m
[0mGET /img/smart_contract.png [32m200 [0m3.728 ms - 3593[0m
[0mGET /img/generic_contract.png [32m200 [0m1.933 ms - 3688[0m
[0mGET /img/icons/search-2@2x.png [32m200 [0m1.271 ms - 403[0m
[0mGET /vendors/waves/waves.min.js.map [32m200 [0m1.673 ms - 5276[0m
[0mGET / [32m200 [0m3.481 ms - 6443[0m
[0mGET /vendors/fullcalendar/fullcalendar.css [36m304 [0m0.897 ms - -[0m
[0mGET /vendors/bootgrid/jquery.bootgrid.min.css [36m304 [0m0.960 ms - -[0m
[0mGET /vendors/sweet-alert/sweet-alert.min.css [36m304 [0m0.593 ms - -[0m
[0mGET /vendors/animate-css/animate.min.css [36m304 [0m1.320 ms - -[0m
[0mGET /css/app.min.css [36m304 [0m1.100 ms - -[0m
[0mGET /css/custom.css [36m304 [0m0.910 ms - -[0m
[0mGET /dist/bundle.js [36m304 [0m0.980 ms - -[0m
[0mGET /js/bootstrap.min.js [36m304 [0m1.434 ms - -[0m
[0mGET /vendors/flot/plugins/curvedLines.js [36m304 [0m1.128 ms - -[0m
[0mGET /vendors/sparklines/jquery.sparkline.min.js [36m304 [0m0.958 ms - -[0m
[0mGET /vendors/fullcalendar/lib/moment.min.js [36m304 [0m1.075 ms - -[0m
[0mGET /vendors/simpleWeather/jquery.simpleWeather.min.js [36m304 [0m1.442 ms - -[0m
[0mGET /js/jquery-2.1.1.min.js [36m304 [0m1.213 ms - -[0m
[0mGET /vendors/easypiechart/jquery.easypiechart.min.js [36m304 [0m4.915 ms - -[0m
[0mGET /vendors/flot/jquery.flot.min.js [36m304 [0m2.116 ms - -[0m
[0mGET /vendors/flot/jquery.flot.resize.min.js [36m304 [0m0.512 ms - -[0m
[0mGET /vendors/fullcalendar/fullcalendar.min.js [36m304 [0m0.564 ms - -[0m
[0mGET /vendors/auto-size/jquery.autosize.min.js [36m304 [0m0.882 ms - -[0m
[0mGET /vendors/nicescroll/jquery.nicescroll.min.js [36m304 [0m0.770 ms - -[0m
[0mGET /vendors/bootstrap-wizard/jquery.bootstrap.wizard.min.js [36m304 [0m1.327 ms - -[0m
[0mGET /vendors/waves/waves.min.js [36m304 [0m1.062 ms - -[0m
[0mGET /js/flot-charts/curved-line-chart.js [36m304 [0m0.667 ms - -[0m
[0mGET /js/charts.js [36m304 [0m1.703 ms - -[0m
[0mGET /vendors/bootgrid/jquery.bootgrid.min.js [36m304 [0m1.029 ms - -[0m
[0mGET /vendors/sweet-alert/sweet-alert.min.js [36m304 [0m1.541 ms - -[0m
[0mGET /js/flot-charts/line-chart.js [36m304 [0m1.355 ms - -[0m
[0mGET /vendors/bootstrap-growl/bootstrap-growl.min.js [36m304 [0m0.738 ms - -[0m
[0mGET /js/functions.js [36m304 [0m0.627 ms - -[0m
[0mGET /app/components/templates/header.html [36m304 [0m0.920 ms - -[0m
[0mGET /app/components/templates/sidebar.html [36m304 [0m0.731 ms - -[0m
[0mGET /app/components/templates/dashboard.html [36m304 [0m1.147 ms - -[0m
[0mGET /app/components/templates/chat.html [36m304 [0m0.927 ms - -[0m
[0mGET /vendors/waves/waves.min.js.map [36m304 [0m1.423 ms - -[0m
[0mGET /img/logo.png [36m304 [0m0.892 ms - -[0m
[0mGET /img/smart_contract.png [36m304 [0m0.895 ms - -[0m
[0mGET /img/generic_contract.png [36m304 [0m1.009 ms - -[0m
[0mGET / [32m200 [0m9.259 ms - 6443[0m
[0mGET /vendors/fullcalendar/fullcalendar.css [36m304 [0m1.247 ms - -[0m
[0mGET /vendors/bootgrid/jquery.bootgrid.min.css [36m304 [0m3.246 ms - -[0m
[0mGET /vendors/animate-css/animate.min.css [36m304 [0m2.475 ms - -[0m
[0mGET /vendors/sweet-alert/sweet-alert.min.css [36m304 [0m2.060 ms - -[0m
[0mGET /css/app.min.css [36m304 [0m0.485 ms - -[0m
[0mGET /css/custom.css [36m304 [0m1.323 ms - -[0m
[0mGET /dist/bundle.js [36m304 [0m0.900 ms - -[0m
[0mGET /vendors/sparklines/jquery.sparkline.min.js [36m304 [0m1.000 ms - -[0m
[0mGET /vendors/flot/jquery.flot.resize.min.js [36m304 [0m0.625 ms - -[0m
[0mGET /js/bootstrap.min.js [36m304 [0m0.511 ms - -[0m
[0mGET /vendors/fullcalendar/lib/moment.min.js [36m304 [0m0.780 ms - -[0m
[0mGET /vendors/simpleWeather/jquery.simpleWeather.min.js [36m304 [0m1.189 ms - -[0m
[0mGET /js/jquery-2.1.1.min.js [36m304 [0m1.235 ms - -[0m
[0mGET /vendors/flot/plugins/curvedLines.js [36m304 [0m1.334 ms - -[0m
[0mGET /vendors/easypiechart/jquery.easypiechart.min.js [36m304 [0m0.708 ms - -[0m
[0mGET /vendors/flot/jquery.flot.min.js [36m304 [0m0.573 ms - -[0m
[0mGET /vendors/fullcalendar/fullcalendar.min.js [36m304 [0m0.853 ms - -[0m
[0mGET /vendors/auto-size/jquery.autosize.min.js [36m304 [0m1.947 ms - -[0m
[0mGET /vendors/nicescroll/jquery.nicescroll.min.js [36m304 [0m1.502 ms - -[0m
[0mGET /vendors/waves/waves.min.js [36m304 [0m0.569 ms - -[0m
[0mGET /js/flot-charts/curved-line-chart.js [36m304 [0m1.051 ms - -[0m
[0mGET /vendors/bootstrap-wizard/jquery.bootstrap.wizard.min.js [36m304 [0m0.911 ms - -[0m
[0mGET /js/charts.js [36m304 [0m1.010 ms - -[0m
[0mGET /vendors/bootgrid/jquery.bootgrid.min.js [36m304 [0m0.960 ms - -[0m
[0mGET /js/flot-charts/line-chart.js [36m304 [0m0.663 ms - -[0m
[0mGET /vendors/bootstrap-growl/bootstrap-growl.min.js [36m304 [0m2.468 ms - -[0m
[0mGET /vendors/sweet-alert/sweet-alert.min.js [36m304 [0m1.166 ms - -[0m
[0mGET /js/functions.js [36m304 [0m1.142 ms - -[0m
[0mGET /app/components/templates/header.html [36m304 [0m0.938 ms - -[0m
[0mGET /app/components/templates/sidebar.html [36m304 [0m1.074 ms - -[0m
[0mGET /app/components/templates/chat.html [36m304 [0m0.875 ms - -[0m
[0mGET /app/components/templates/dashboard.html [32m200 [0m1.986 ms - 11484[0m
[0mGET /vendors/waves/waves.min.js.map [36m304 [0m0.921 ms - -[0m
[0mGET /img/logo.png [36m304 [0m1.039 ms - -[0m
[0mGET /img/smart_contract.png [36m304 [0m1.278 ms - -[0m
[0mGET /img/generic_contract.png [36m304 [0m2.252 ms - -[0m
[0mGET / [32m200 [0m9.593 ms - 6486[0m
[0mGET /css/custom.css [36m304 [0m2.616 ms - -[0m
[0mGET /vendors/bootgrid/jquery.bootgrid.min.css [36m304 [0m1.623 ms - -[0m
[0mGET /vendors/sweet-alert/sweet-alert.min.css [36m304 [0m0.746 ms - -[0m
[0mGET /css/app.min.css [36m304 [0m0.904 ms - -[0m
[0mGET /vendors/animate-css/animate.min.css [36m304 [0m0.579 ms - -[0m
[0mGET /vendors/fullcalendar/fullcalendar.css [36m304 [0m1.216 ms - -[0m
[0mGET /dist/bundle.js [36m304 [0m1.992 ms - -[0m
[0mGET /js/bootstrap.min.js [36m304 [0m1.025 ms - -[0m
[0mGET /vendors/flot/jquery.flot.resize.min.js [36m304 [0m1.997 ms - -[0m
[0mGET /vendors/sparklines/jquery.sparkline.min.js [36m304 [0m0.802 ms - -[0m
[0mGET /vendors/fullcalendar/lib/moment.min.js [36m304 [0m0.800 ms - -[0m
[0mGET /vendors/simpleWeather/jquery.simpleWeather.min.js [36m304 [0m1.215 ms - -[0m
[0mGET /js/jquery-2.1.1.min.js [36m304 [0m1.208 ms - -[0m
[0mGET /vendors/flot/jquery.flot.min.js [36m304 [0m0.800 ms - -[0m
[0mGET /vendors/flot/plugins/curvedLines.js [36m304 [0m1.174 ms - -[0m
[0mGET /vendors/easypiechart/jquery.easypiechart.min.js [36m304 [0m0.927 ms - -[0m
[0mGET /vendors/fullcalendar/fullcalendar.min.js [36m304 [0m0.677 ms - -[0m
[0mGET /vendors/auto-size/jquery.autosize.min.js [36m304 [0m0.531 ms - -[0m
[0mGET /vendors/waves/waves.min.js [36m304 [0m0.960 ms - -[0m
[0mGET /vendors/nicescroll/jquery.nicescroll.min.js [36m304 [0m0.538 ms - -[0m
[0mGET /vendors/bootstrap-wizard/jquery.bootstrap.wizard.min.js [36m304 [0m0.858 ms - -[0m
[0mGET /js/flot-charts/curved-line-chart.js [36m304 [0m1.154 ms - -[0m
[0mGET /js/charts.js [36m304 [0m0.976 ms - -[0m
[0mGET /vendors/bootstrap-growl/bootstrap-growl.min.js [36m304 [0m1.173 ms - -[0m
[0mGET /vendors/bootgrid/jquery.bootgrid.min.js [36m304 [0m0.577 ms - -[0m
[0mGET /vendors/sweet-alert/sweet-alert.min.js [36m304 [0m0.713 ms - -[0m
[0mGET /js/flot-charts/line-chart.js [36m304 [0m0.887 ms - -[0m
[0mGET /js/functions.js [36m304 [0m0.501 ms - -[0m
[0mGET /vendors/waves/waves.min.js.map [36m304 [0m0.931 ms - -[0m
[0mGET /app/components/templates/header.html [36m304 [0m1.395 ms - -[0m
[0mGET /app/components/templates/sidebar.html [36m304 [0m1.184 ms - -[0m
[0mGET /app/components/templates/chat.html [36m304 [0m1.166 ms - -[0m
[0mGET /app/components/templates/dashboard.html [32m200 [0m1.464 ms - 11446[0m
[0mGET /img/logo.png [36m304 [0m0.880 ms - -[0m
[0mGET /img/smart_contract.png [36m304 [0m3.315 ms - -[0m
[0mGET /img/generic_contract.png [36m304 [0m1.287 ms - -[0m
[0mGET / [32m200 [0m3.265 ms - 6486[0m
[0mGET /vendors/fullcalendar/fullcalendar.css [36m304 [0m1.676 ms - -[0m
[0mGET /vendors/animate-css/animate.min.css [36m304 [0m1.386 ms - -[0m
[0mGET /vendors/sweet-alert/sweet-alert.min.css [36m304 [0m0.589 ms - -[0m
[0mGET /vendors/bootgrid/jquery.bootgrid.min.css [36m304 [0m0.752 ms - -[0m
[0mGET /css/app.min.css [36m304 [0m2.236 ms - -[0m
[0mGET /css/custom.css [36m304 [0m1.048 ms - -[0m
[0mGET /dist/bundle.js [36m304 [0m2.229 ms - -[0m
[0mGET /js/bootstrap.min.js [36m304 [0m1.953 ms - -[0m
[0mGET /vendors/flot/jquery.flot.resize.min.js [36m304 [0m2.080 ms - -[0m
[0mGET /vendors/fullcalendar/lib/moment.min.js [36m304 [0m1.658 ms - -[0m
[0mGET /vendors/sparklines/jquery.sparkline.min.js [36m304 [0m0.997 ms - -[0m
[0mGET /vendors/simpleWeather/jquery.simpleWeather.min.js [36m304 [0m0.910 ms - -[0m
[0mGET /js/jquery-2.1.1.min.js [36m304 [0m0.958 ms - -[0m
[0mGET /vendors/flot/jquery.flot.min.js [36m304 [0m1.193 ms - -[0m
[0mGET /vendors/flot/plugins/curvedLines.js [36m304 [0m1.009 ms - -[0m
[0mGET /vendors/fullcalendar/fullcalendar.min.js [36m304 [0m0.521 ms - -[0m
[0mGET /vendors/easypiechart/jquery.easypiechart.min.js [36m304 [0m0.479 ms - -[0m
[0mGET /vendors/nicescroll/jquery.nicescroll.min.js [36m304 [0m1.637 ms - -[0m
[0mGET /vendors/auto-size/jquery.autosize.min.js [36m304 [0m1.992 ms - -[0m
[0mGET /vendors/waves/waves.min.js [36m304 [0m1.139 ms - -[0m
[0mGET /vendors/bootstrap-wizard/jquery.bootstrap.wizard.min.js [36m304 [0m0.917 ms - -[0m
[0mGET /js/charts.js [36m304 [0m0.878 ms - -[0m
[0mGET /js/flot-charts/curved-line-chart.js [36m304 [0m0.595 ms - -[0m
[0mGET /vendors/bootgrid/jquery.bootgrid.min.js [36m304 [0m1.481 ms - -[0m
[0mGET /vendors/bootstrap-growl/bootstrap-growl.min.js [36m304 [0m1.232 ms - -[0m
[0mGET /vendors/sweet-alert/sweet-alert.min.js [36m304 [0m0.919 ms - -[0m
[0mGET /js/functions.js [36m304 [0m2.144 ms - -[0m
[0mGET /js/flot-charts/line-chart.js [36m304 [0m1.603 ms - -[0m
[0mGET /vendors/waves/waves.min.js.map [36m304 [0m0.945 ms - -[0m
[0mGET /app/components/templates/header.html [36m304 [0m1.048 ms - -[0m
[0mGET /app/components/templates/sidebar.html [36m304 [0m0.546 ms - -[0m
[0mGET /app/components/templates/chat.html [36m304 [0m0.899 ms - -[0m
[0mGET /app/components/templates/dashboard.html [36m304 [0m1.155 ms - -[0m
[0mGET /img/logo.png [36m304 [0m2.628 ms - -[0m
[0mGET /img/smart_contract.png [36m304 [0m2.747 ms - -[0m
[0mGET /img/generic_contract.png [36m304 [0m0.978 ms - -[0m
[0mGET /img/complete.png [32m200 [0m2.796 ms - 55318[0m
